-------------------------------------------------------------------------------
Test set: ec.espe.edu.alertsystem.view.FrmAddNaturalPersonTest
-------------------------------------------------------------------------------
Tests run: 17, Failures: 1, Errors: 0, Skipped: 0, Time elapsed: 0.455 s <<< FAILURE! -- in ec.espe.edu.alertsystem.view.FrmAddNaturalPersonTest
ec.espe.edu.alertsystem.view.FrmAddNaturalPersonTest.testValidDataPassValidation -- Time elapsed: 0.018 s <<< FAILURE!
org.opentest4j.AssertionFailedError: expected: <true> but was: <false>
	at org.junit.jupiter.api.AssertionFailureBuilder.build(AssertionFailureBuilder.java:151)
	at org.junit.jupiter.api.AssertionFailureBuilder.buildAndThrow(AssertionFailureBuilder.java:132)
	at org.junit.jupiter.api.AssertTrue.failNotTrue(AssertTrue.java:63)
	at org.junit.jupiter.api.AssertTrue.assertTrue(AssertTrue.java:36)
	at org.junit.jupiter.api.AssertTrue.assertTrue(AssertTrue.java:31)
	at org.junit.jupiter.api.Assertions.assertTrue(Assertions.java:179)
	at ec.espe.edu.alertsystem.view.FrmAddNaturalPersonTest.testValidDataPassValidation(FrmAddNaturalPersonTest.java:202)
	at java.base/java.lang.reflect.Method.invoke(Method.java:565)
	at java.base/java.util.ArrayList.forEach(ArrayList.java:1604)
	at java.base/java.util.ArrayList.forEach(ArrayList.java:1604)

