<?xml version="1.0" encoding="UTF-8"?>
<testsuite xmlns:xsi="http://www.w3.org/2001/XMLSchema-instance" xsi:noNamespaceSchemaLocation="https://maven.apache.org/surefire/maven-surefire-plugin/xsd/surefire-test-report-3.0.xsd" version="3.0" name="ec.espe.edu.alertsystem.view.FrmManageTaskTest" time="28.432" tests="8" errors="0" skipped="0" failures="0">
  <properties>
[...]
</properties>
  <testcase name="testTableModelColumnCount" classname="ec.espe.edu.alertsystem.view.FrmManageTaskTest" time="24.746">
    <system-err><![CDATA[SLF4J: Failed to load class "org.slf4j.impl.StaticLoggerBinder".
SLF4J: Defaulting to no-operation (NOP) logger implementation
SLF4J: See http://www.slf4j.org/codes.html#StaticLoggerBinder for further details.
]]></system-err>
  </testcase>
  <testcase name="testColumnNameClient" classname="ec.espe.edu.alertsystem.view.FrmManageTaskTest" time="0.387"/>
  <testcase name="testColumnNameDeliveryDate" classname="ec.espe.edu.alertsystem.view.FrmManageTaskTest" time="0.252"/>
  <testcase name="testColumnNameState" classname="ec.espe.edu.alertsystem.view.FrmManageTaskTest" time="0.302"/>
  <testcase name="testColumnNameAssistant" classname="ec.espe.edu.alertsystem.view.FrmManageTaskTest" time="0.993"/>
  <testcase name="testInstanceNotNull" classname="ec.espe.edu.alertsystem.view.FrmManageTaskTest" time="0.301"/>
  <testcase name="testColumnNameId" classname="ec.espe.edu.alertsystem.view.FrmManageTaskTest" time="0.358"/>
  <testcase name="testColumnDescription" classname="ec.espe.edu.alertsystem.view.FrmManageTaskTest" time="1.084"/>
</testsuite>